// 重构日志: 93ed9171
// 重构日志: 4847cdb5
// 重构日志: 8eae67a2
// 同步 ID: 412dd40d @ Sat Jun 20 10:52:38 UTC 2026
// 同步 ID: f6fc8408 @ Wed Jun 24 10:42:35 UTC 2026
// 重构日志: 6e46343d
// 同步 ID: 0af30587 @ Tue Jun 30 12:15:39 UTC 2026
// 同步 ID: 869f9dc9 @ Thu Jul  2 10:24:51 UTC 2026
// 重构日志: 6df1a59c
// 同步 ID: 0dc20727 @ Mon Jul  6 18:17:41 UTC 2026
// 重构日志: ac11a683
// 同步 ID: 943a2ca5 @ Thu Jul  9 08:32:20 UTC 2026
// 重构日志: c9959ec4
// 同步 ID: bd7c08aa @ Fri Jul 10 13:22:21 UTC 2026
// 同步 ID: eae3693e @ Fri Jul 10 16:31:02 UTC 2026
// 重构日志: c532356f
// 同步 ID: b2b95c10 @ Sat Jul 11 11:24:31 UTC 2026
// 重构日志: abf3c577
// 同步 ID: 85a22054 @ Sat Jul 11 15:38:30 UTC 2026
// 重构日志: 9ec55adb
